<?xml version="1.0" encoding="UTF-8"?>
<testng-results ignored="0" total="1" passed="1" failed="0" skipped="0">
  <reporter-output>
  </reporter-output>
  <suite started-at="2026-03-08T22:06:36 IST" name="Surefire suite" finished-at="2026-03-08T22:06:55 IST" duration-ms="18434">
    <groups>
    </groups>
    <test started-at="2026-03-08T22:06:36 IST" name="Surefire test" finished-at="2026-03-08T22:06:55 IST" duration-ms="18434">
      <class name="org_crm_ninja_test.CampaignsTest">
        <test-method is-config="true" signature="openBrowser()[pri:0, instance:org_crm_ninja_test.CampaignsTest@4a22f9e2]" started-at="2026-03-08T22:06:36 IST" name="openBrowser" finished-at="2026-03-08T22:06:40 IST" duration-ms="3619" status="PASS">
          <reporter-output>
          </reporter-output>
        </test-method> <!-- openBrowser -->
        <test-method is-config="true" signature="login()[pri:0, instance:org_crm_ninja_test.CampaignsTest@4a22f9e2]" started-at="2026-03-08T22:06:40 IST" name="login" finished-at="2026-03-08T22:06:49 IST" duration-ms="8661" status="PASS">
          <reporter-output>
          </reporter-output>
        </test-method> <!-- login -->
        <test-method signature="createCampaigns()[pri:0, instance:org_crm_ninja_test.CampaignsTest@4a22f9e2]" started-at="2026-03-08T22:06:49 IST" name="createCampaigns" finished-at="2026-03-08T22:06:49 IST" duration-ms="516" status="PASS">
          <reporter-output>
          </reporter-output>
        </test-method> <!-- createCampaigns -->
        <test-method is-config="true" signature="logout()[pri:0, instance:org_crm_ninja_test.CampaignsTest@4a22f9e2]" started-at="2026-03-08T22:06:49 IST" name="logout" finished-at="2026-03-08T22:06:54 IST" duration-ms="5274" status="PASS">
          <reporter-output>
          </reporter-output>
        </test-method> <!-- logout -->
        <test-method is-config="true" signature="tearDown()[pri:0, instance:org_crm_ninja_test.CampaignsTest@4a22f9e2]" started-at="2026-03-08T22:06:54 IST" name="tearDown" finished-at="2026-03-08T22:06:55 IST" duration-ms="276" status="PASS">
          <reporter-output>
          </reporter-output>
        </test-method> <!-- tearDown -->
      </class> <!-- org_crm_ninja_test.CampaignsTest -->
    </test> <!-- Surefire test -->
  </suite> <!-- Surefire suite -->
</testng-results>
